2017/09/14 18:08:41 {"Address":"barney@lostmy.name","EmailType":"Shipment","Event":"send","Timestamp":1505408921}
2017/09/14 18:08:42 {"Address":"vitor@lostmy.name","EmailType":"UserConfirmation","Event":"send","Timestamp":1505408922}
2017/09/14 18:08:43 {"Address":"tal@lostmy.name","EmailType":"Order","Event":"send","Timestamp":1505408923}
2017/09/14 18:08:44 {"Address":"tom@lostmy.name","EmailType":"GetABookDiscount","Event":"send","Timestamp":1505408924}
2017/09/14 18:08:45 {"Address":"patrick@lostmy.name","EmailType":"GetABookDiscount","Event":"send","Timestamp":1505408925}
2017/09/14 18:08:46 {"Address":"barney@lostmy.name","EmailType":"UserConfirmation","Event":"send","Timestamp":1505408926}
2017/09/14 18:08:47 {"Address":"tom@lostmy.name","EmailType":"UserConfirmation","Event":"click","Timestamp":1505408927}
2017/09/14 18:08:48 {"Address":"tony@lostmy.name","EmailType":"ReferAFriend","Event":"send","Timestamp":1505408928}
2017/09/14 18:08:49 {"Address":"vitor@lostmy.name","EmailType":"Shipment","Event":"open","Timestamp":1505408929}
2017/09/14 18:08:50 {"Address":"jacob@lostmy.name","EmailType":"Order","Event":"send","Timestamp":1505408930}
2017/09/14 18:08:51 {"Address":"vitor@lostmy.name","EmailType":"ReferAFriend","Event":"open","Timestamp":1505408931}
2017/09/14 18:08:52 {"Address":"rehat@lostmy.name","EmailType":"GetABookDiscount","Event":"send","Timestamp":1505408932}
2017/09/14 18:08:53 {"Address":"jacob@lostmy.name","EmailType":"UserConfirmation","Event":"open","Timestamp":1505408933}
2017/09/14 18:08:54 {"Address":"f@lostmy.name","EmailType":"ReferAFriend","Event":"click","Timestamp":1505408934}
2017/09/14 18:08:55 {"Address":"barney@lostmy.name","EmailType":"ReferAFriend","Event":"send","Timestamp":1505408935}
2017/09/14 18:08:56 {"Address":"tom@lostmy.name","EmailType":"ReferAFriend","Event":"send","Timestamp":1505408936}
2017/09/14 18:08:57 {"Address":"rehat@lostmy.name","EmailType":"ReferAFriend","Event":"send","Timestamp":1505408937}
2017/09/14 18:08:58 {"Address":"rehat@lostmy.name","EmailType":"GetABookDiscount","Event":"click","Timestamp":1505408938}
2017/09/14 18:09:14 {"Address":"barney@lostmy.name","EmailType":"Shipment","Event":"send","Timestamp":1505408954}
2017/09/14 18:09:15 {"Address":"vitor@lostmy.name","EmailType":"UserConfirmation","Event":"send","Timestamp":1505408955}
2017/09/14 18:09:16 {"Address":"tal@lostmy.name","EmailType":"Order","Event":"send","Timestamp":1505408956}
2017/09/14 18:09:17 {"Address":"tom@lostmy.name","EmailType":"GetABookDiscount","Event":"send","Timestamp":1505408957}
2017/09/14 18:09:18 {"Address":"patrick@lostmy.name","EmailType":"GetABookDiscount","Event":"send","Timestamp":1505408958}
2017/09/14 18:09:19 {"Address":"barney@lostmy.name","EmailType":"UserConfirmation","Event":"send","Timestamp":1505408959}
2017/09/14 18:09:20 {"Address":"tom@lostmy.name","EmailType":"UserConfirmation","Event":"click","Timestamp":1505408960}
2017/09/14 18:09:21 {"Address":"tony@lostmy.name","EmailType":"ReferAFriend","Event":"send","Timestamp":1505408961}
2017/09/14 18:09:22 {"Address":"vitor@lostmy.name","EmailType":"Shipment","Event":"open","Timestamp":1505408962}
2017/09/14 18:09:23 {"Address":"jacob@lostmy.name","EmailType":"Order","Event":"send","Timestamp":1505408963}
2017/09/14 18:09:24 {"Address":"vitor@lostmy.name","EmailType":"ReferAFriend","Event":"open","Timestamp":1505408964}
2017/09/14 18:09:25 {"Address":"rehat@lostmy.name","EmailType":"GetABookDiscount","Event":"send","Timestamp":1505408965}
2017/09/14 18:13:38 {"Address":"barney@lostmy.name","EmailType":"Shipment","Event":"send","Timestamp":1505409218}
2017/09/14 18:13:39 {"Address":"vitor@lostmy.name","EmailType":"UserConfirmation","Event":"send","Timestamp":1505409219}
2017/09/14 18:13:40 {"Address":"tal@lostmy.name","EmailType":"Order","Event":"send","Timestamp":1505409220}
2017/09/14 18:13:41 {"Address":"tom@lostmy.name","EmailType":"GetABookDiscount","Event":"send","Timestamp":1505409221}
2017/09/14 18:13:42 {"Address":"patrick@lostmy.name","EmailType":"GetABookDiscount","Event":"send","Timestamp":1505409222}
2017/09/14 18:13:43 {"Address":"barney@lostmy.name","EmailType":"UserConfirmation","Event":"send","Timestamp":1505409223}
2017/09/14 18:13:44 {"Address":"tom@lostmy.name","EmailType":"UserConfirmation","Event":"click","Timestamp":1505409224}
2017/09/14 18:13:45 {"Address":"tony@lostmy.name","EmailType":"ReferAFriend","Event":"send","Timestamp":1505409225}
2017/09/14 18:13:46 {"Address":"vitor@lostmy.name","EmailType":"Shipment","Event":"open","Timestamp":1505409226}
2017/09/14 18:13:47 {"Address":"jacob@lostmy.name","EmailType":"Order","Event":"send","Timestamp":1505409227}
2017/09/14 18:13:48 {"Address":"vitor@lostmy.name","EmailType":"ReferAFriend","Event":"open","Timestamp":1505409228}
2017/09/14 18:13:49 {"Address":"rehat@lostmy.name","EmailType":"GetABookDiscount","Event":"send","Timestamp":1505409229}
2017/09/14 18:13:50 {"Address":"jacob@lostmy.name","EmailType":"UserConfirmation","Event":"open","Timestamp":1505409230}
2017/09/14 18:13:51 {"Address":"f@lostmy.name","EmailType":"ReferAFriend","Event":"click","Timestamp":1505409231}
2017/09/14 18:13:52 {"Address":"barney@lostmy.name","EmailType":"ReferAFriend","Event":"send","Timestamp":1505409232}
2017/09/14 18:13:53 {"Address":"tom@lostmy.name","EmailType":"ReferAFriend","Event":"send","Timestamp":1505409233}
2017/09/14 18:13:54 {"Address":"rehat@lostmy.name","EmailType":"ReferAFriend","Event":"send","Timestamp":1505409234}
2017/09/14 18:13:55 {"Address":"rehat@lostmy.name","EmailType":"GetABookDiscount","Event":"click","Timestamp":1505409235}
2017/09/14 18:13:56 {"Address":"barney@lostmy.name","EmailType":"Order","Event":"open","Timestamp":1505409236}
2017/09/14 18:13:57 {"Address":"barney@lostmy.name","EmailType":"ReferAFriend","Event":"send","Timestamp":1505409237}
2017/09/14 18:13:58 {"Address":"vitor@lostmy.name","EmailType":"Order","Event":"send","Timestamp":1505409238}
2017/09/14 18:13:59 {"Address":"barney@lostmy.name","EmailType":"UserConfirmation","Event":"send","Timestamp":1505409239}
2017/09/14 18:14:00 {"Address":"callum@lostmy.name","EmailType":"Shipment","Event":"open","Timestamp":1505409240}
2017/09/14 18:14:01 {"Address":"josh@lostmy.name","EmailType":"ReferAFriend","Event":"open","Timestamp":1505409241}
2017/09/14 18:14:02 {"Address":"barney@lostmy.name","EmailType":"ReferAFriend","Event":"send","Timestamp":1505409242}
2017/09/14 18:14:03 {"Address":"vitor@lostmy.name","EmailType":"Shipment","Event":"open","Timestamp":1505409243}
2017/09/14 18:14:04 {"Address":"jacob@lostmy.name","EmailType":"Order","Event":"send","Timestamp":1505409244}
2017/09/14 18:14:05 {"Address":"tom@lostmy.name","EmailType":"Shipment","Event":"send","Timestamp":1505409245}
2017/09/14 18:14:06 {"Address":"simon@lostmy.name","EmailType":"GetABookDiscount","Event":"send","Timestamp":1505409246}
2017/09/14 18:14:07 {"Address":"f@lostmy.name","EmailType":"UserConfirmation","Event":"send","Timestamp":1505409247}
2017/09/14 18:14:08 {"Address":"tony@lostmy.name","EmailType":"UserConfirmation","Event":"send","Timestamp":1505409248}
2017/09/14 18:14:09 {"Address":"tal@lostmy.name","EmailType":"Order","Event":"send","Timestamp":1505409249}
2017/09/14 18:14:10 {"Address":"simon@lostmy.name","EmailType":"ReferAFriend","Event":"send","Timestamp":1505409250}
2017/09/14 18:14:11 {"Address":"f@lostmy.name","EmailType":"Order","Event":"send","Timestamp":1505409251}
2017/09/14 18:14:12 {"Address":"patrick@lostmy.name","EmailType":"Shipment","Event":"open","Timestamp":1505409252}
2017/09/14 18:14:13 {"Address":"barney@lostmy.name","EmailType":"Order","Event":"open","Timestamp":1505409253}
2017/09/14 18:14:14 {"Address":"tony@lostmy.name","EmailType":"Shipment","Event":"click","Timestamp":1505409254}
2017/09/14 18:14:15 {"Address":"pete@lostmy.name","EmailType":"UserConfirmation","Event":"open","Timestamp":1505409255}
2017/09/14 18:14:16 {"Address":"jacob@lostmy.name","EmailType":"Shipment","Event":"open","Timestamp":1505409256}
2017/09/14 18:14:17 {"Address":"oz@lostmy.name","EmailType":"UserConfirmation","Event":"click","Timestamp":1505409257}
2017/09/14 18:14:18 {"Address":"vitor@lostmy.name","EmailType":"Shipment","Event":"open","Timestamp":1505409258}
2017/09/14 18:14:19 {"Address":"josh@lostmy.name","EmailType":"UserConfirmation","Event":"open","Timestamp":1505409259}
2017/09/14 18:14:20 {"Address":"jacob@lostmy.name","EmailType":"UserConfirmation","Event":"send","Timestamp":1505409260}
2017/09/14 18:19:06 {"Address":"barney@lostmy.name","EmailType":"Shipment","Event":"send","Timestamp":1505409546}
2017/09/14 18:19:07 {"Address":"vitor@lostmy.name","EmailType":"UserConfirmation","Event":"send","Timestamp":1505409547}
2017/09/14 18:19:08 {"Address":"tal@lostmy.name","EmailType":"Order","Event":"send","Timestamp":1505409548}
2017/09/14 18:19:09 {"Address":"tom@lostmy.name","EmailType":"GetABookDiscount","Event":"send","Timestamp":1505409549}
2017/09/14 18:19:10 {"Address":"patrick@lostmy.name","EmailType":"GetABookDiscount","Event":"send","Timestamp":1505409550}
2017/09/14 18:19:11 {"Address":"barney@lostmy.name","EmailType":"UserConfirmation","Event":"send","Timestamp":1505409551}
2017/09/14 18:19:12 {"Address":"tom@lostmy.name","EmailType":"UserConfirmation","Event":"click","Timestamp":1505409552}
2017/09/14 18:19:13 {"Address":"tony@lostmy.name","EmailType":"ReferAFriend","Event":"send","Timestamp":1505409553}
2017/09/14 18:19:14 {"Address":"vitor@lostmy.name","EmailType":"Shipment","Event":"open","Timestamp":1505409554}
2017/09/14 18:19:15 {"Address":"jacob@lostmy.name","EmailType":"Order","Event":"send","Timestamp":1505409555}
2017/09/14 18:19:16 {"Address":"vitor@lostmy.name","EmailType":"ReferAFriend","Event":"open","Timestamp":1505409556}
2017/09/14 18:19:17 {"Address":"rehat@lostmy.name","EmailType":"GetABookDiscount","Event":"send","Timestamp":1505409557}
2017/09/14 18:19:18 {"Address":"jacob@lostmy.name","EmailType":"UserConfirmation","Event":"open","Timestamp":1505409558}
2017/09/14 18:19:19 {"Address":"f@lostmy.name","EmailType":"ReferAFriend","Event":"click","Timestamp":1505409559}
2017/09/14 18:19:20 {"Address":"barney@lostmy.name","EmailType":"ReferAFriend","Event":"send","Timestamp":1505409560}
2017/09/14 18:19:21 {"Address":"tom@lostmy.name","EmailType":"ReferAFriend","Event":"send","Timestamp":1505409561}
2017/09/14 18:19:22 {"Address":"rehat@lostmy.name","EmailType":"ReferAFriend","Event":"send","Timestamp":1505409562}
2017/09/14 18:19:23 {"Address":"rehat@lostmy.name","EmailType":"GetABookDiscount","Event":"click","Timestamp":1505409563}
2017/09/14 18:19:24 {"Address":"barney@lostmy.name","EmailType":"Order","Event":"open","Timestamp":1505409564}
2017/09/14 18:19:25 {"Address":"barney@lostmy.name","EmailType":"ReferAFriend","Event":"send","Timestamp":1505409565}
2017/09/14 18:19:26 {"Address":"vitor@lostmy.name","EmailType":"Order","Event":"send","Timestamp":1505409566}
2017/09/14 18:19:27 {"Address":"barney@lostmy.name","EmailType":"UserConfirmation","Event":"send","Timestamp":1505409567}
2017/09/14 18:19:28 {"Address":"callum@lostmy.name","EmailType":"Shipment","Event":"open","Timestamp":1505409568}
2017/09/14 18:19:29 {"Address":"josh@lostmy.name","EmailType":"ReferAFriend","Event":"open","Timestamp":1505409569}
2017/09/14 18:19:30 {"Address":"barney@lostmy.name","EmailType":"ReferAFriend","Event":"send","Timestamp":1505409570}
2017/09/14 18:19:31 {"Address":"vitor@lostmy.name","EmailType":"Shipment","Event":"open","Timestamp":1505409571}
2017/09/14 18:19:32 {"Address":"jacob@lostmy.name","EmailType":"Order","Event":"send","Timestamp":1505409572}
2017/09/14 18:19:33 {"Address":"tom@lostmy.name","EmailType":"Shipment","Event":"send","Timestamp":1505409573}
2017/09/14 18:19:34 {"Address":"simon@lostmy.name","EmailType":"GetABookDiscount","Event":"send","Timestamp":1505409574}
2017/09/14 18:19:35 {"Address":"f@lostmy.name","EmailType":"UserConfirmation","Event":"send","Timestamp":1505409575}
2017/09/14 18:19:36 {"Address":"tony@lostmy.name","EmailType":"UserConfirmation","Event":"send","Timestamp":1505409576}
2017/09/14 18:19:37 {"Address":"tal@lostmy.name","EmailType":"Order","Event":"send","Timestamp":1505409577}
2017/09/14 18:19:38 {"Address":"simon@lostmy.name","EmailType":"ReferAFriend","Event":"send","Timestamp":1505409578}
2017/09/14 18:19:39 {"Address":"f@lostmy.name","EmailType":"Order","Event":"send","Timestamp":1505409579}
2017/09/14 18:19:40 {"Address":"patrick@lostmy.name","EmailType":"Shipment","Event":"open","Timestamp":1505409580}
2017/09/14 18:19:41 {"Address":"barney@lostmy.name","EmailType":"Order","Event":"open","Timestamp":1505409581}
2017/09/14 18:19:42 {"Address":"tony@lostmy.name","EmailType":"Shipment","Event":"click","Timestamp":1505409582}
2017/09/14 18:19:43 {"Address":"pete@lostmy.name","EmailType":"UserConfirmation","Event":"open","Timestamp":1505409583}
2017/09/14 18:19:44 {"Address":"jacob@lostmy.name","EmailType":"Shipment","Event":"open","Timestamp":1505409584}
2017/09/14 18:19:45 {"Address":"oz@lostmy.name","EmailType":"UserConfirmation","Event":"click","Timestamp":1505409585}
2017/09/14 18:19:46 {"Address":"vitor@lostmy.name","EmailType":"Shipment","Event":"open","Timestamp":1505409586}
2017/09/14 18:19:47 {"Address":"josh@lostmy.name","EmailType":"UserConfirmation","Event":"open","Timestamp":1505409587}
2017/09/14 18:19:48 {"Address":"jacob@lostmy.name","EmailType":"UserConfirmation","Event":"send","Timestamp":1505409588}
2017/09/14 18:19:49 {"Address":"simon@lostmy.name","EmailType":"Shipment","Event":"open","Timestamp":1505409589}
2017/09/14 18:19:50 {"Address":"alex@lostmy.name","EmailType":"Order","Event":"open","Timestamp":1505409590}
2017/09/14 18:19:51 {"Address":"jesse@lostmy.name","EmailType":"ReferAFriend","Event":"send","Timestamp":1505409591}
2017/09/14 18:19:52 {"Address":"josh@lostmy.name","EmailType":"ReferAFriend","Event":"send","Timestamp":1505409592}
2017/09/14 18:19:53 {"Address":"jacob@lostmy.name","EmailType":"Shipment","Event":"send","Timestamp":1505409593}
2017/09/14 18:19:54 {"Address":"simon@lostmy.name","EmailType":"GetABookDiscount","Event":"send","Timestamp":1505409594}
2017/09/14 18:19:55 {"Address":"rehat@lostmy.name","EmailType":"UserConfirmation","Event":"open","Timestamp":1505409595}
2017/09/14 18:19:56 {"Address":"alex@lostmy.name","EmailType":"UserConfirmation","Event":"send","Timestamp":1505409596}
2017/09/14 18:19:57 {"Address":"tony@lostmy.name","EmailType":"Order","Event":"open","Timestamp":1505409597}
2017/09/14 18:19:58 {"Address":"jesse@lostmy.name","EmailType":"Order","Event":"send","Timestamp":1505409598}
2017/09/14 18:19:59 {"Address":"vitor@lostmy.name","EmailType":"Shipment","Event":"send","Timestamp":1505409599}
2017/09/14 18:20:00 {"Address":"tom@lostmy.name","EmailType":"GetABookDiscount","Event":"send","Timestamp":1505409600}
2017/09/14 18:20:01 {"Address":"oz@lostmy.name","EmailType":"Shipment","Event":"send","Timestamp":1505409601}
2017/09/14 18:20:02 {"Address":"jesse@lostmy.name","EmailType":"ReferAFriend","Event":"open","Timestamp":1505409602}
2017/09/14 18:20:03 {"Address":"barney@lostmy.name","EmailType":"Order","Event":"send","Timestamp":1505409603}
2017/09/14 18:20:04 {"Address":"barney@lostmy.name","EmailType":"Shipment","Event":"send","Timestamp":1505409604}
2017/09/14 18:20:05 {"Address":"jacob@lostmy.name","EmailType":"UserConfirmation","Event":"send","Timestamp":1505409605}
2017/09/14 18:20:06 {"Address":"tal@lostmy.name","EmailType":"ReferAFriend","Event":"send","Timestamp":1505409606}
2017/09/14 18:20:07 {"Address":"tal@lostmy.name","EmailType":"Order","Event":"open","Timestamp":1505409607}
2017/09/14 18:20:08 {"Address":"barney@lostmy.name","EmailType":"GetABookDiscount","Event":"send","Timestamp":1505409608}
2017/09/14 18:20:09 {"Address":"simonf@lostmy.name","EmailType":"Order","Event":"open","Timestamp":1505409609}
2017/09/14 18:20:10 {"Address":"tal@lostmy.name","EmailType":"Order","Event":"send","Timestamp":1505409610}
2017/09/14 18:20:11 {"Address":"callum@lostmy.name","EmailType":"Order","Event":"open","Timestamp":1505409611}
2017/09/14 18:20:12 {"Address":"jesse@lostmy.name","EmailType":"UserConfirmation","Event":"send","Timestamp":1505409612}
2017/09/14 18:20:13 {"Address":"tom@lostmy.name","EmailType":"UserConfirmation","Event":"open","Timestamp":1505409613}
2017/09/14 18:20:14 {"Address":"patrick@lostmy.name","EmailType":"Order","Event":"click","Timestamp":1505409614}
2017/09/14 18:20:15 {"Address":"tom@lostmy.name","EmailType":"Shipment","Event":"click","Timestamp":1505409615}
2017/09/14 18:20:16 {"Address":"simonf@lostmy.name","EmailType":"UserConfirmation","Event":"send","Timestamp":1505409616}
2017/09/14 18:20:17 {"Address":"tony@lostmy.name","EmailType":"ReferAFriend","Event":"send","Timestamp":1505409617}
2017/09/14 18:20:18 {"Address":"rehat@lostmy.name","EmailType":"Shipment","Event":"send","Timestamp":1505409618}
2017/09/14 18:20:19 {"Address":"oz@lostmy.name","EmailType":"Order","Event":"open","Timestamp":1505409619}
2017/09/14 18:20:20 {"Address":"oz@lostmy.name","EmailType":"Order","Event":"send","Timestamp":1505409620}
2017/09/14 18:20:21 {"Address":"callum@lostmy.name","EmailType":"Order","Event":"click","Timestamp":1505409621}
2017/09/14 18:20:22 {"Address":"jesse@lostmy.name","EmailType":"Shipment","Event":"send","Timestamp":1505409622}
2017/09/14 18:20:23 {"Address":"barney@lostmy.name","EmailType":"Shipment","Event":"send","Timestamp":1505409623}
2017/09/14 18:20:24 {"Address":"oz@lostmy.name","EmailType":"Order","Event":"send","Timestamp":1505409624}
2017/09/14 18:20:25 {"Address":"tony@lostmy.name","EmailType":"GetABookDiscount","Event":"open","Timestamp":1505409625}
2017/09/14 18:20:26 {"Address":"patrick@lostmy.name","EmailType":"UserConfirmation","Event":"open","Timestamp":1505409626}
2017/09/14 18:20:27 {"Address":"jesse@lostmy.name","EmailType":"UserConfirmation","Event":"send","Timestamp":1505409627}
2017/09/14 18:20:28 {"Address":"oz@lostmy.name","EmailType":"Shipment","Event":"send","Timestamp":1505409628}
2017/09/14 18:20:29 {"Address":"rehat@lostmy.name","EmailType":"GetABookDiscount","Event":"open","Timestamp":1505409629}
2017/09/14 18:20:30 {"Address":"rehat@lostmy.name","EmailType":"Order","Event":"send","Timestamp":1505409630}
2017/09/14 18:20:31 {"Address":"jesse@lostmy.name","EmailType":"Order","Event":"open","Timestamp":1505409631}
2017/09/14 18:20:32 {"Address":"jesse@lostmy.name","EmailType":"Order","Event":"open","Timestamp":1505409632}
2017/09/14 18:20:33 {"Address":"patrick@lostmy.name","EmailType":"Order","Event":"send","Timestamp":1505409633}
2017/09/14 18:20:34 {"Address":"tom@lostmy.name","EmailType":"Order","Event":"open","Timestamp":1505409634}
2017/09/14 18:20:35 {"Address":"tal@lostmy.name","EmailType":"Order","Event":"send","Timestamp":1505409635}
2017/09/14 18:20:36 {"Address":"simonf@lostmy.name","EmailType":"Shipment","Event":"send","Timestamp":1505409636}
2017/09/14 18:20:37 {"Address":"simon@lostmy.name","EmailType":"GetABookDiscount","Event":"send","Timestamp":1505409637}
2017/09/14 18:20:38 {"Address":"alex@lostmy.name","EmailType":"ReferAFriend","Event":"send","Timestamp":1505409638}
2017/09/14 18:20:39 {"Address":"alex@lostmy.name","EmailType":"Shipment","Event":"send","Timestamp":1505409639}
2017/09/14 18:20:40 {"Address":"vitor@lostmy.name","EmailType":"UserConfirmation","Event":"send","Timestamp":1505409640}
2017/09/14 18:20:41 {"Address":"barney@lostmy.name","EmailType":"Order","Event":"open","Timestamp":1505409641}
2017/09/14 18:20:42 {"Address":"tom@lostmy.name","EmailType":"Shipment","Event":"send","Timestamp":1505409642}
2017/09/14 18:20:43 {"Address":"pete@lostmy.name","EmailType":"UserConfirmation","Event":"send","Timestamp":1505409643}
2017/09/14 18:20:44 {"Address":"vitor@lostmy.name","EmailType":"ReferAFriend","Event":"send","Timestamp":1505409644}
2017/09/14 18:20:45 {"Address":"jacob@lostmy.name","EmailType":"GetABookDiscount","Event":"open","Timestamp":1505409645}
2017/09/14 18:20:46 {"Address":"jacob@lostmy.name","EmailType":"ReferAFriend","Event":"send","Timestamp":1505409646}
2017/09/14 18:20:47 {"Address":"pete@lostmy.name","EmailType":"GetABookDiscount","Event":"open","Timestamp":1505409647}
2017/09/14 18:20:48 {"Address":"patrick@lostmy.name","EmailType":"GetABookDiscount","Event":"send","Timestamp":1505409648}
2017/09/14 18:20:49 {"Address":"f@lostmy.name","EmailType":"UserConfirmation","Event":"open","Timestamp":1505409649}
2017/09/14 18:20:50 {"Address":"alex@lostmy.name","EmailType":"ReferAFriend","Event":"send","Timestamp":1505409650}
2017/09/14 18:20:51 {"Address":"simon@lostmy.name","EmailType":"ReferAFriend","Event":"send","Timestamp":1505409651}
2017/09/14 18:20:52 {"Address":"josh@lostmy.name","EmailType":"Shipment","Event":"open","Timestamp":1505409652}
2017/09/14 18:20:53 {"Address":"simonf@lostmy.name","EmailType":"UserConfirmation","Event":"send","Timestamp":1505409653}
2017/09/14 18:20:54 {"Address":"alex@lostmy.name","EmailType":"ReferAFriend","Event":"send","Timestamp":1505409654}
2017/09/14 18:20:55 {"Address":"vitor@lostmy.name","EmailType":"Shipment","Event":"send","Timestamp":1505409655}
2017/09/14 18:20:56 {"Address":"pete@lostmy.name","EmailType":"UserConfirmation","Event":"send","Timestamp":1505409656}
2017/09/14 18:20:57 {"Address":"barney@lostmy.name","EmailType":"GetABookDiscount","Event":"click","Timestamp":1505409657}
2017/09/14 18:20:58 {"Address":"simon@lostmy.name","EmailType":"Order","Event":"send","Timestamp":1505409658}
2017/09/14 18:20:59 {"Address":"josh@lostmy.name","EmailType":"GetABookDiscount","Event":"open","Timestamp":1505409659}
2017/09/15 21:10:19 {"Address":"barney@lostmy.name","EmailType":"Shipment","Event":"send","Timestamp":1505506219}
2017/09/15 21:10:20 {"Address":"vitor@lostmy.name","EmailType":"UserConfirmation","Event":"send","Timestamp":1505506220}
2017/09/15 21:10:21 {"Address":"tal@lostmy.name","EmailType":"Order","Event":"send","Timestamp":1505506221}
2017/09/15 21:10:22 {"Address":"tom@lostmy.name","EmailType":"GetABookDiscount","Event":"send","Timestamp":1505506222}
2017/09/15 21:10:23 {"Address":"patrick@lostmy.name","EmailType":"GetABookDiscount","Event":"send","Timestamp":1505506223}
2017/09/15 21:10:24 {"Address":"barney@lostmy.name","EmailType":"UserConfirmation","Event":"send","Timestamp":1505506224}
2017/09/15 21:10:25 {"Address":"tom@lostmy.name","EmailType":"UserConfirmation","Event":"click","Timestamp":1505506225}
2017/09/15 21:10:26 {"Address":"tony@lostmy.name","EmailType":"ReferAFriend","Event":"send","Timestamp":1505506226}
2017/09/15 21:10:27 {"Address":"vitor@lostmy.name","EmailType":"Shipment","Event":"open","Timestamp":1505506227}
2017/09/15 21:10:28 {"Address":"jacob@lostmy.name","EmailType":"Order","Event":"send","Timestamp":1505506228}
2017/09/15 21:10:29 {"Address":"vitor@lostmy.name","EmailType":"ReferAFriend","Event":"open","Timestamp":1505506229}
2017/09/15 21:10:30 {"Address":"rehat@lostmy.name","EmailType":"GetABookDiscount","Event":"send","Timestamp":1505506230}
